<?xml version="1.0" encoding="UTF-8"?>
<!-- Generated by org.testng.reporters.JUnitReportReporter -->
<testsuite hostname="DESKTOP-HL4JRJF" failures="0" tests="1" name="com.bridgelabz.spotify.SpotifyApi" time="13.231" errors="0" timestamp="2022-07-01T16:14:56 IST" skipped="0">
  <testcase classname="com.bridgelabz.spotify.SpotifyApi" name="getCurrentUserPlaylists" time="13.231"/>
  <system-out/>
</testsuite> <!-- com.bridgelabz.spotify.SpotifyApi -->
